
2022/03/30 15:39:08 /Users/zouxiaojie/go/pkg/mod/gorm.io/driver/mysql@v1.2.3/migrator.go:234
[0.212ms] [rows:-] SELECT DATABASE()

2022/03/30 15:39:08 /Users/zouxiaojie/go/pkg/mod/gorm.io/driver/mysql@v1.2.3/migrator.go:237
[1.438ms] [rows:1] SELECT SCHEMA_NAME from Information_schema.SCHEMATA where SCHEMA_NAME LIKE 'naio%' ORDER BY SCHEMA_NAME='naio' DESC limit 1

2022/03/30 15:39:08 /Users/zouxiaojie/go/src/github.com/pzzrudlf/naio/bootstrap/database.go:62
[1.535ms] [rows:-] SELECT count(*) FROM information_schema.tables WHERE table_schema = 'naio' AND table_name = 'users' AND table_type = 'BASE TABLE'

2022/03/30 15:39:08 /Users/zouxiaojie/go/pkg/mod/gorm.io/driver/mysql@v1.2.3/migrator.go:234
[0.237ms] [rows:-] SELECT DATABASE()

2022/03/30 15:39:08 /Users/zouxiaojie/go/pkg/mod/gorm.io/driver/mysql@v1.2.3/migrator.go:237
[0.808ms] [rows:1] SELECT SCHEMA_NAME from Information_schema.SCHEMATA where SCHEMA_NAME LIKE 'naio%' ORDER BY SCHEMA_NAME='naio' DESC limit 1

2022/03/30 15:39:08 /Users/zouxiaojie/go/pkg/mod/gorm.io/driver/mysql@v1.2.3/migrator.go:205
[1.413ms] [rows:-] SELECT column_name, is_nullable, data_type, character_maximum_length, numeric_precision, numeric_scale FROM information_schema.columns WHERE table_schema = 'naio' AND table_name = 'users' ORDER BY ORDINAL_POSITION

2022/03/30 15:39:08 /Users/zouxiaojie/go/pkg/mod/gorm.io/driver/mysql@v1.2.3/migrator.go:234
[0.180ms] [rows:-] SELECT DATABASE()

2022/03/30 15:39:08 /Users/zouxiaojie/go/pkg/mod/gorm.io/driver/mysql@v1.2.3/migrator.go:237
[0.764ms] [rows:1] SELECT SCHEMA_NAME from Information_schema.SCHEMATA where SCHEMA_NAME LIKE 'naio%' ORDER BY SCHEMA_NAME='naio' DESC limit 1

2022/03/30 15:39:08 /Users/zouxiaojie/go/src/github.com/pzzrudlf/naio/bootstrap/database.go:62
[1.342ms] [rows:-] SELECT count(*) FROM information_schema.statistics WHERE table_schema = 'naio' AND table_name = 'users' AND index_name = 'idx_users_mobile'

2022/03/30 15:39:08 /Users/zouxiaojie/go/pkg/mod/gorm.io/driver/mysql@v1.2.3/migrator.go:234
[0.183ms] [rows:-] SELECT DATABASE()

2022/03/30 15:39:08 /Users/zouxiaojie/go/pkg/mod/gorm.io/driver/mysql@v1.2.3/migrator.go:237
[0.817ms] [rows:1] SELECT SCHEMA_NAME from Information_schema.SCHEMATA where SCHEMA_NAME LIKE 'naio%' ORDER BY SCHEMA_NAME='naio' DESC limit 1

2022/03/30 15:39:08 /Users/zouxiaojie/go/src/github.com/pzzrudlf/naio/bootstrap/database.go:62
[1.113ms] [rows:-] SELECT count(*) FROM information_schema.statistics WHERE table_schema = 'naio' AND table_name = 'users' AND index_name = 'idx_users_deleted_at'

2022/03/31 07:54:36 /Users/zouxiaojie/go/pkg/mod/gorm.io/driver/mysql@v1.2.3/migrator.go:234
[0.189ms] [rows:-] SELECT DATABASE()

2022/03/31 07:54:36 /Users/zouxiaojie/go/pkg/mod/gorm.io/driver/mysql@v1.2.3/migrator.go:237
[3.809ms] [rows:1] SELECT SCHEMA_NAME from Information_schema.SCHEMATA where SCHEMA_NAME LIKE 'naio%' ORDER BY SCHEMA_NAME='naio' DESC limit 1

2022/03/31 07:54:36 /Users/zouxiaojie/go/src/github.com/pzzrudlf/naio/bootstrap/database.go:62
[2.631ms] [rows:-] SELECT count(*) FROM information_schema.tables WHERE table_schema = 'naio' AND table_name = 'users' AND table_type = 'BASE TABLE'

2022/03/31 07:54:36 /Users/zouxiaojie/go/pkg/mod/gorm.io/driver/mysql@v1.2.3/migrator.go:234
[0.172ms] [rows:-] SELECT DATABASE()

2022/03/31 07:54:36 /Users/zouxiaojie/go/pkg/mod/gorm.io/driver/mysql@v1.2.3/migrator.go:237
[0.975ms] [rows:1] SELECT SCHEMA_NAME from Information_schema.SCHEMATA where SCHEMA_NAME LIKE 'naio%' ORDER BY SCHEMA_NAME='naio' DESC limit 1

2022/03/31 07:54:36 /Users/zouxiaojie/go/pkg/mod/gorm.io/driver/mysql@v1.2.3/migrator.go:205
[2.289ms] [rows:-] SELECT column_name, is_nullable, data_type, character_maximum_length, numeric_precision, numeric_scale FROM information_schema.columns WHERE table_schema = 'naio' AND table_name = 'users' ORDER BY ORDINAL_POSITION

2022/03/31 07:54:36 /Users/zouxiaojie/go/pkg/mod/gorm.io/driver/mysql@v1.2.3/migrator.go:234
[0.231ms] [rows:-] SELECT DATABASE()

2022/03/31 07:54:36 /Users/zouxiaojie/go/pkg/mod/gorm.io/driver/mysql@v1.2.3/migrator.go:237
[0.871ms] [rows:1] SELECT SCHEMA_NAME from Information_schema.SCHEMATA where SCHEMA_NAME LIKE 'naio%' ORDER BY SCHEMA_NAME='naio' DESC limit 1

2022/03/31 07:54:36 /Users/zouxiaojie/go/src/github.com/pzzrudlf/naio/bootstrap/database.go:62
[2.111ms] [rows:-] SELECT count(*) FROM information_schema.statistics WHERE table_schema = 'naio' AND table_name = 'users' AND index_name = 'idx_users_mobile'

2022/03/31 07:54:36 /Users/zouxiaojie/go/pkg/mod/gorm.io/driver/mysql@v1.2.3/migrator.go:234
[0.256ms] [rows:-] SELECT DATABASE()

2022/03/31 07:54:36 /Users/zouxiaojie/go/pkg/mod/gorm.io/driver/mysql@v1.2.3/migrator.go:237
[1.169ms] [rows:1] SELECT SCHEMA_NAME from Information_schema.SCHEMATA where SCHEMA_NAME LIKE 'naio%' ORDER BY SCHEMA_NAME='naio' DESC limit 1

2022/03/31 07:54:36 /Users/zouxiaojie/go/src/github.com/pzzrudlf/naio/bootstrap/database.go:62
[1.276ms] [rows:-] SELECT count(*) FROM information_schema.statistics WHERE table_schema = 'naio' AND table_name = 'users' AND index_name = 'idx_users_deleted_at'
